<?xml version="1.0" encoding="UTF-8"?>
<!-- Generated by org.testng.reporters.JUnitReportReporter -->
<testsuite hostname="LAPTOP-LIQ39GJJ" failures="0" tests="1" name="automation.assertexample" time="5.573" errors="0" timestamp="2022-07-18T17:04:17 IST" skipped="0">
  <testcase classname="automation.assertexample" name="testAssertFunctions" time="5.573"/>
  <system-out/>
</testsuite> <!-- automation.assertexample -->
