<?xml version="1.0" encoding="UTF-8"?>
<!-- Generated by org.testng.reporters.JUnitReportReporter -->
<testsuite hostname="LAPTOP-LIQ39GJJ" failures="0" tests="6" name="automation.s2" time="0.008" errors="0" timestamp="2022-07-28T17:49:56 IST" skipped="0">
  <testcase classname="automation.s2" name="startTheCar" time="0.002"/>
  <system-out/>
  <testcase classname="automation.s2" name="putFirstGear" time="0.001"/>
  <system-out/>
  <testcase classname="automation.s2" name="putSecondGear" time="0.001"/>
  <system-out/>
  <testcase classname="automation.s2" name="putThirdGear" time="0.002"/>
  <system-out/>
  <testcase classname="automation.s2" name="putFourthGear" time="0.001"/>
  <system-out/>
  <testcase classname="automation.s2" name="startMusic" time="0.001"/>
  <system-out/>
</testsuite> <!-- automation.s2 -->
